# This file was automatically created by FeynRules 2.3.31
# Mathematica version: 11.0.0 for Mac OS X x86 (64-bit) (July 28, 2016)
# Date: Tue 19 Feb 2019 18:57:06


# 
# This is the logfile for the model DMann_ff

# Authors: C.Niblaeus
# Model version: 1.0
# Checking the Quantum numbers
   * Electric charge defined.
# Checking the Lagrangians
   * All Lagrangians are ok.
#
# Particle definitions
#

   * No particles removed. All particles correspond to GenInt setup.

# Automatically assigned PDG numbers
   * Assigned PDG number 9000001 to particle ghA
   * Assigned PDG number 9000002 to particle ghZ
   * Assigned PDG number 9000003 to particle ghWp
   * Assigned PDG number 9000004 to particle ghWm
   * Assigned PDG number 9000005 to particle ghG
   * Assigned PDG number 9000006 to particle Y0
   * Assigned PDG number 9000007 to particle Y1
   * Assigned PDG number 9000008 to particle Xr
   * Assigned PDG number 9000009 to particle Xc
   * Assigned PDG number 9000010 to particle Xd


# Compulsory PDG codes:
   * Class SM leptons complete.
   * Class SM neutrinos complete.
   * Class SM quarks complete.
   * Class SM gauge bosons complete.
#
# Parameter definitions
#

   * All parameters are ok.


# Vertices
   * Calling FeynmanRules for 1 Lagrangians.
   * Number of classes vertices: 163
   * Number of flavored vertices: 233
   * Saved vertices in InterfaceRun[ 1 ].
   * Checked QNumber conservation.
      - Quantum number GhostNumber conserved in all vertices.
      - Quantum number LeptonNumber conserved in all vertices.
      - Quantum number Q conserved in all vertices.
      - Quantum number Y conserved in all vertices.
   * particles.py written.
   * parameters.py written.
#
# Vertex definitions
#

   * 233 vertices written.
   * vertices.py written.
#
# Lorentz structure definitions
#

   * 40 lorentz structures written.
   * lorentz.py written.
#
# Coupling definitions
#

   * 226 couplings written.
   * couplings.py written.
#
# Coupling order definitions
#

   * 0 couplings orders written.
   * coupling_orders.py written.
#
# Decay definitions
#

   * 14 decays written.
   * decay.py not written
#
# CTCoupling definitions
#

   * 0 CTcouplings written.
   * CT_couplings.py written.
